<?xml version="1.0" encoding="UTF-8"?>
<!-- Generated by org.testng.reporters.JUnitReportReporter -->
<testsuite hostname="LAPTOP-U9JM6QUT" failures="0" tests="1" name="VerifyVtiger_pom.CreateOrgInd" time="21.688" errors="0" timestamp="2022-10-21T09:41:17 IST" skipped="0">
  <testcase classname="VerifyVtiger_pom.CreateOrgInd" name="createOrgInd" time="21.688"/>
  <system-out/>
</testsuite> <!-- VerifyVtiger_pom.CreateOrgInd -->
