<?xml version="1.0" encoding="UTF-8"?>
<!-- Generated by org.testng.reporters.JUnitReportReporter -->
<testsuite hostname="LAPTOP-U9JM6QUT" failures="0" tests="4" name="TestNg.Demo" time="0.010" errors="0" timestamp="2022-10-11T17:53:58 IST" skipped="0">
  <testcase classname="TestNg.Demo" name="demo4" time="0.002"/>
  <system-out/>
  <testcase classname="TestNg.Demo" name="demo1" time="0.005"/>
  <system-out/>
  <testcase classname="TestNg.Demo" name="demo3" time="0.002"/>
  <system-out/>
  <testcase classname="TestNg.Demo" name="demo2" time="0.001"/>
  <system-out/>
</testsuite> <!-- TestNg.Demo -->
