<?xml version="1.0" encoding="UTF-8"?>
<!-- Generated by org.testng.reporters.JUnitReportReporter -->
<testsuite hostname="LAPTOP-U9JM6QUT" failures="0" tests="1" name="VerifyVtiger_pom.CreateCon" time="14.770" errors="0" timestamp="2022-10-21T10:11:01 IST" skipped="0">
  <testcase classname="VerifyVtiger_pom.CreateCon" name="createCon" time="14.770"/>
  <system-out/>
</testsuite> <!-- VerifyVtiger_pom.CreateCon -->
