<?xml version="1.0" encoding="UTF-8"?>
<!-- Generated by org.testng.reporters.JUnitReportReporter -->
<testsuite hostname="LAPTOP-U9JM6QUT" failures="0" tests="1" name="testNG_ParsPac.Demo" time="0.002" errors="0" timestamp="2022-10-17T09:45:02 IST" skipped="0">
  <testcase classname="testNG_ParsPac.Demo" name="test4" time="0.002"/>
  <system-out/>
</testsuite> <!-- testNG_ParsPac.Demo -->
