<?xml version="1.0" encoding="UTF-8"?>
<!-- Generated by org.testng.reporters.JUnitReportReporter -->
<testsuite hostname="LAPTOP-U9JM6QUT" failures="0" tests="1" name="VerifyVtiger_pom.CreateCon" time="18.156" errors="0" timestamp="2022-10-18T17:56:48 IST" skipped="0">
  <testcase classname="VerifyVtiger_pom.CreateCon" name="createCon" time="18.156"/>
  <system-out/>
</testsuite> <!-- VerifyVtiger_pom.CreateCon -->
