<?xml version="1.0" encoding="UTF-8"?>
<!-- Generated by org.testng.reporters.JUnitReportReporter -->
<testsuite hostname="LAPTOP-U9JM6QUT" failures="0" tests="4" name="TestNg.ExcelDataProvider" time="0.008" errors="0" timestamp="2022-10-14T13:02:46 IST" skipped="0">
  <testcase classname="TestNg.ExcelDataProvider" name="getData" time="0.002"/>
  <system-out/>
  <testcase classname="TestNg.ExcelDataProvider" name="getData" time="0.001"/>
  <system-out/>
  <testcase classname="TestNg.ExcelDataProvider" name="getData" time="0.000"/>
  <system-out/>
  <testcase classname="TestNg.ExcelDataProvider" name="getData" time="0.005"/>
  <system-out/>
</testsuite> <!-- TestNg.ExcelDataProvider -->
