<?xml version="1.0" encoding="UTF-8"?>
<!-- Generated by org.testng.reporters.JUnitReportReporter -->
<testsuite hostname="LAPTOP-U9JM6QUT" failures="0" tests="2" name="testNG_ParsPac.Sample" time="0.010" errors="0" timestamp="2022-10-18T17:16:47 IST" skipped="0">
  <testcase classname="testNG_ParsPac.Sample" name="createaccount" time="0.002"/>
  <system-out/>
  <testcase classname="testNG_ParsPac.Sample" name="allconditions" time="0.008"/>
  <system-out/>
</testsuite> <!-- testNG_ParsPac.Sample -->
