<?xml version="1.0" encoding="UTF-8"?>
<!-- Generated by org.testng.reporters.JUnitReportReporter -->
<testsuite hostname="LAPTOP-U9JM6QUT" failures="0" tests="1" name="testNG_ParsPac.PassPara" time="4.899" errors="0" timestamp="2022-10-17T15:33:07 IST" skipped="0">
  <testcase classname="testNG_ParsPac.PassPara" name="launchbrowser" time="4.899"/>
  <system-out/>
</testsuite> <!-- testNG_ParsPac.PassPara -->
