<?xml version="1.0" encoding="UTF-8"?>
<!-- Generated by org.testng.reporters.JUnitReportReporter -->
<testsuite hostname="LAPTOP-U9JM6QUT" failures="0" tests="1" name="TestNg.Annotations" time="0.006" errors="0" timestamp="2022-10-11T13:28:54 IST" skipped="0">
  <testcase classname="TestNg.Annotations" name="BeforeSuite" time="0.006"/>
  <system-out/>
</testsuite> <!-- TestNg.Annotations -->
