<?xml version="1.0" encoding="UTF-8"?>
<!-- Generated by org.testng.reporters.JUnitReportReporter -->
<testsuite hostname="LAPTOP-U9JM6QUT" failures="0" tests="1" name="DataDrive.InsertDataToJDBC" time="0.190" errors="0" timestamp="2022-09-16T17:07:47 IST" skipped="0">
  <testcase classname="DataDrive.InsertDataToJDBC" name="insertDataToJDBC" time="0.190"/>
  <system-out/>
</testsuite> <!-- DataDrive.InsertDataToJDBC -->
