<?xml version="1.0" encoding="UTF-8"?>
<!-- Generated by org.testng.reporters.JUnitReportReporter -->
<testsuite hostname="LAPTOP-U9JM6QUT" failures="0" tests="1" name="DataDrive.ReadDataFromJDBC" time="0.195" errors="0" timestamp="2022-10-27T13:19:45 IST" skipped="0">
  <testcase classname="DataDrive.ReadDataFromJDBC" name="readDataTest" time="0.195"/>
  <system-out/>
</testsuite> <!-- DataDrive.ReadDataFromJDBC -->
