<?xml version="1.0" encoding="UTF-8"?>
<!-- Generated by org.testng.reporters.JUnitReportReporter -->
<testsuite hostname="LAPTOP-U9JM6QUT" failures="0" tests="2" name="TestNg.Sample" time="0.006" errors="0" timestamp="2022-10-11T14:54:59 IST" skipped="0">
  <testcase classname="TestNg.Sample" name="A" time="0.005"/>
  <system-out/>
  <testcase classname="TestNg.Sample" name="a" time="0.001"/>
  <system-out/>
</testsuite> <!-- TestNg.Sample -->
