<?xml version="1.0" encoding="UTF-8"?>
<!-- Generated by org.testng.reporters.JUnitReportReporter -->
<testsuite hostname="LAPTOP-U9JM6QUT" failures="0" tests="1" name="VerifyVtiger_pom.CreateOrg" time="14.593" errors="0" timestamp="2022-10-18T17:56:48 IST" skipped="0">
  <testcase classname="VerifyVtiger_pom.CreateOrg" name="createOrg" time="14.593"/>
  <system-out/>
</testsuite> <!-- VerifyVtiger_pom.CreateOrg -->
