<?xml version="1.0" encoding="UTF-8"?>
<!-- Generated by org.testng.reporters.JUnitReportReporter -->
<testsuite hostname="LAPTOP-U9JM6QUT" failures="0" tests="1" name="com.rmgyantra.ExtentReport.CreateReport" time="4.731" errors="0" timestamp="2022-11-01T16:11:37 IST" skipped="0">
  <testcase classname="com.rmgyantra.ExtentReport.CreateReport" name="createReport" time="4.731"/>
  <system-out/>
</testsuite> <!-- com.rmgyantra.ExtentReport.CreateReport -->
